<?xml version="1.0" encoding="UTF-8"?>
<!-- Generated by org.testng.reporters.JUnitReportReporter -->
<testsuite hostname="Adarsh" failures="0" tests="3" name="automation.popup.HandlingJavascriptPopup" time="30.854" errors="0" timestamp="2022-12-10T12:52:16 IST" skipped="0">
  <testcase classname="automation.popup.HandlingJavascriptPopup" name="alertPopup" time="13.697"/>
  <system-out/>
  <testcase classname="automation.popup.HandlingJavascriptPopup" name="alertPromptpopup" time="8.835"/>
  <system-out/>
  <testcase classname="automation.popup.HandlingJavascriptPopup" name="confirmAlertBox" time="8.322"/>
  <system-out/>
</testsuite> <!-- automation.popup.HandlingJavascriptPopup -->
