<?xml version="1.0" encoding="UTF-8"?>
<!-- Generated by org.testng.reporters.JUnitReportReporter -->
<testsuite hostname="Adarsh" failures="0" tests="1" name="automation.selenium.actions.SelectListBox" time="4.318" errors="0" timestamp="2022-12-09T12:56:13 IST" skipped="0">
  <testcase classname="automation.selenium.actions.SelectListBox" name="printUniqueElement" time="4.318"/>
  <system-out/>
</testsuite> <!-- automation.selenium.actions.SelectListBox -->
