<?xml version="1.0" encoding="UTF-8"?>
<!-- Generated by org.testng.reporters.JUnitReportReporter -->
<testsuite hostname="Adarsh" failures="0" tests="4" name="automation.fb.Frame" time="45.992" errors="0" timestamp="2022-12-03T13:42:35 IST" skipped="0">
  <testcase classname="automation.fb.Frame" name="frameUsingIdexAttribute" time="11.459"/>
  <system-out/>
  <testcase classname="automation.fb.Frame" name="frameUsingWebElement" time="11.573"/>
  <system-out/>
  <testcase classname="automation.fb.Frame" name="frameUsingIdAttribute" time="11.449"/>
  <system-out/>
  <testcase classname="automation.fb.Frame" name="frameUsingNameAttribute" time="11.511"/>
  <system-out/>
</testsuite> <!-- automation.fb.Frame -->
