<?xml version="1.0" encoding="UTF-8"?>
<!-- Generated by org.testng.reporters.JUnitReportReporter -->
<testsuite hostname="Adarsh" failures="0" tests="1" name="automation.selenium.actions.FileUploadPopup" time="8.198" errors="0" timestamp="2022-12-08T16:31:44 IST" skipped="0">
  <testcase classname="automation.selenium.actions.FileUploadPopup" name="fileUploadPopupByAutoit" time="8.198"/>
  <system-out/>
</testsuite> <!-- automation.selenium.actions.FileUploadPopup -->
