<?xml version="1.0" encoding="UTF-8"?>
<!-- Generated by org.testng.reporters.JUnitReportReporter -->
<testsuite hostname="Adarsh" failures="0" tests="1" name="automation.actions.Action" time="8.541" errors="0" timestamp="2022-12-10T12:44:54 IST" skipped="0">
  <testcase classname="automation.actions.Action" name="dragAndDrop" time="8.541"/>
  <system-out/>
</testsuite> <!-- automation.actions.Action -->
