<?xml version="1.0" encoding="UTF-8"?>
<!-- Generated by org.testng.reporters.JUnitReportReporter -->
<testsuite hostname="Adarsh" failures="0" tests="1" name="automation.fb.facebookLoginPage" time="6.982" errors="0" timestamp="2022-12-01T12:33:27 IST" skipped="0">
  <testcase classname="automation.fb.facebookLoginPage" name="loginPageCssSelecotor" time="6.982"/>
  <system-out/>
</testsuite> <!-- automation.fb.facebookLoginPage -->
