<?xml version="1.0" encoding="UTF-8"?>
<!-- Generated by org.testng.reporters.JUnitReportReporter -->
<testsuite hostname="Adarsh" failures="0" tests="4" name="automation.fb.FacebookSignupPage" time="9.976" errors="0" timestamp="2022-12-01T14:03:26 IST" skipped="0">
  <testcase classname="automation.fb.FacebookSignupPage" name="signupPage" time="7.915"/>
  <system-out/>
  <testcase classname="automation.fb.FacebookSignupPage" name="xpath_text_function" time="1.046"/>
  <system-out/>
  <testcase classname="automation.fb.FacebookSignupPage" name="xpath_startwith" time="0.042"/>
  <system-out/>
  <testcase classname="automation.fb.FacebookSignupPage" name="xpath_contains_function" time="0.973"/>
  <system-out/>
</testsuite> <!-- automation.fb.FacebookSignupPage -->
