<?xml version="1.0" encoding="UTF-8"?>
<!-- Generated by org.testng.reporters.JUnitReportReporter -->
<testsuite hostname="Adarsh" failures="0" tests="1" name="automation.fb.Frame" time="16.038" errors="0" timestamp="2022-12-05T12:23:44 IST" skipped="0">
  <testcase classname="automation.fb.Frame" name="frameUsingWebElement" time="16.038"/>
  <system-out/>
</testsuite> <!-- automation.fb.Frame -->
