<?xml version="1.0" encoding="UTF-8"?>
<!-- Generated by org.testng.reporters.JUnitReportReporter -->
<testsuite hostname="Adarsh" failures="0" tests="1" name="automation.popup.HiddenDivisionPopup" time="21.517" errors="0" timestamp="2022-12-10T12:49:12 IST" skipped="0">
  <testcase classname="automation.popup.HiddenDivisionPopup" name="hiddenDivisionPopup" time="21.517"/>
  <system-out/>
</testsuite> <!-- automation.popup.HiddenDivisionPopup -->
