<?xml version="1.0" encoding="UTF-8"?>
<!-- Generated by org.testng.reporters.JUnitReportReporter -->
<testsuite hostname="Adarsh" failures="0" tests="3" name="automation.selenium.actions.HandlingJavascriptPopup" time="34.481" errors="0" timestamp="2022-12-08T13:47:08 IST" skipped="0">
  <testcase classname="automation.selenium.actions.HandlingJavascriptPopup" name="alertPromptpopup" time="10.070"/>
  <system-out/>
  <testcase classname="automation.selenium.actions.HandlingJavascriptPopup" name="alertPopup" time="18.041"/>
  <system-out/>
  <testcase classname="automation.selenium.actions.HandlingJavascriptPopup" name="confirmAlertBox" time="6.370"/>
  <system-out/>
</testsuite> <!-- automation.selenium.actions.HandlingJavascriptPopup -->
