<?xml version="1.0" encoding="UTF-8"?>
<!-- Generated by org.testng.reporters.JUnitReportReporter -->
<testsuite hostname="Adarsh" failures="0" tests="1" name="automation.fb.TakeScreenshot" time="2.661" errors="0" timestamp="2022-12-01T14:00:00 IST" skipped="0">
  <testcase classname="automation.fb.TakeScreenshot" name="takeScreenshot" time="2.661"/>
  <system-out/>
</testsuite> <!-- automation.fb.TakeScreenshot -->
