<?xml version="1.0" encoding="UTF-8"?>
<!-- Generated by org.testng.reporters.JUnitReportReporter -->
<testsuite hostname="DESKTOP-692KJGU" failures="0" tests="1" name="automation.fb.RobotClass" time="8.217" errors="0" timestamp="2022-11-30T22:41:47 IST" skipped="0">
  <testcase classname="automation.fb.RobotClass" name="mouseOperations" time="8.217"/>
  <system-out/>
</testsuite> <!-- automation.fb.RobotClass -->
