<?xml version="1.0" encoding="UTF-8"?>
<!-- Generated by org.testng.reporters.JUnitReportReporter -->
<testsuite hostname="Adarsh" failures="0" tests="1" name="automation.popup.FileUploadPopup" time="13.193" errors="0" timestamp="2022-12-10T12:51:08 IST" skipped="0">
  <testcase classname="automation.popup.FileUploadPopup" name="fileUploadPopup" time="13.193"/>
  <system-out/>
</testsuite> <!-- automation.popup.FileUploadPopup -->
