<?xml version="1.0" encoding="UTF-8"?>
<!-- Generated by org.testng.reporters.JUnitReportReporter -->
<testsuite hostname="Adarsh" failures="0" tests="1" name="automation.selenium.actions.ChildBrowserPopup" time="10.871" errors="0" timestamp="2022-12-08T23:28:02 IST" skipped="0">
  <testcase classname="automation.selenium.actions.ChildBrowserPopup" name="uandleTabsUsingGetWindowHandles" time="10.871"/>
  <system-out/>
</testsuite> <!-- automation.selenium.actions.ChildBrowserPopup -->
