<?xml version="1.0" encoding="UTF-8"?>
<!-- Generated by org.testng.reporters.JUnitReportReporter -->
<testsuite hostname="Adarsh" failures="0" tests="1" name="automation.fb.RobotClass" time="13.449" errors="0" timestamp="2022-12-01T12:41:29 IST" skipped="0">
  <testcase classname="automation.fb.RobotClass" name="keyboardOperations" time="13.449"/>
  <system-out/>
</testsuite> <!-- automation.fb.RobotClass -->
