<?xml version="1.0" encoding="UTF-8"?>
<!-- Generated by org.testng.reporters.JUnitReportReporter -->
<testsuite hostname="Adarsh" failures="0" tests="2" name="automation.selenium.actions.WebTable" time="5.298" errors="0" timestamp="2022-12-09T14:03:30 IST" skipped="0">
  <testcase classname="automation.selenium.actions.WebTable" name="autosuggestionEx_GoogleSearch" time="5.063"/>
  <system-out/>
  <testcase classname="automation.selenium.actions.WebTable" name="webTableOperations" time="0.235"/>
  <system-out/>
</testsuite> <!-- automation.selenium.actions.WebTable -->
