<?xml version="1.0" encoding="UTF-8"?>
<!-- Generated by org.testng.reporters.JUnitReportReporter -->
<testsuite hostname="Adarsh" failures="0" tests="1" name="automation.fb.WebElementFunction" time="5.099" errors="0" timestamp="2022-12-02T22:18:01 IST" skipped="0">
  <testcase classname="automation.fb.WebElementFunction" name="submitFunction" time="5.099"/>
  <system-out/>
</testsuite> <!-- automation.fb.WebElementFunction -->
