<?xml version="1.0" encoding="UTF-8"?>
<!-- Generated by org.testng.reporters.JUnitReportReporter -->
<testsuite hostname="DESKTOP-692KJGU" failures="0" tests="1" name="automation.fb.facebookLoginPage" time="4.135" errors="0" timestamp="2022-11-28T15:51:28 IST" skipped="0">
  <testcase classname="automation.fb.facebookLoginPage" name="loginPage" time="4.135"/>
  <system-out/>
</testsuite> <!-- automation.fb.facebookLoginPage -->
