<?xml version="1.0" encoding="UTF-8"?>
<!-- Generated by org.testng.reporters.JUnitReportReporter -->
<testsuite hostname="Adarsh" failures="0" tests="1" name="automation.selenium.actions.HiddenDivisionPopup" time="14.382" errors="0" timestamp="2022-12-08T13:57:57 IST" skipped="0">
  <testcase classname="automation.selenium.actions.HiddenDivisionPopup" name="hiddenDivisionPopup" time="14.382"/>
  <system-out/>
</testsuite> <!-- automation.selenium.actions.HiddenDivisionPopup -->
