<?xml version="1.0" encoding="UTF-8"?>
<!-- Generated by org.testng.reporters.JUnitReportReporter -->
<testsuite hostname="DESKTOP-692KJGU" failures="0" tests="1" name="automation.fb.facebookLoginPage" time="6.902" errors="0" timestamp="2022-11-30T22:52:08 IST" skipped="0">
  <testcase classname="automation.fb.facebookLoginPage" name="loginPageCssSelecotor" time="6.902"/>
  <system-out/>
</testsuite> <!-- automation.fb.facebookLoginPage -->
