<?xml version="1.0" encoding="UTF-8"?>
<!-- Generated by org.testng.reporters.JUnitReportReporter -->
<testsuite hostname="Adarsh" failures="0" tests="1" name="automation.popup.ChildBrowserPopup" time="12.384" errors="0" timestamp="2022-12-10T12:48:22 IST" skipped="0">
  <testcase classname="automation.popup.ChildBrowserPopup" name="huandleTabsUsingGetWindowHandles" time="12.384"/>
  <system-out/>
</testsuite> <!-- automation.popup.ChildBrowserPopup -->
