<?xml version="1.0" encoding="UTF-8"?>
<!-- Generated by org.testng.reporters.JUnitReportReporter -->
<testsuite hostname="DESKTOP-692KJGU" failures="0" tests="1" name="automation.fb.Login" time="3.622" errors="0" timestamp="2022-11-28T12:25:58 IST" skipped="0">
  <testcase classname="automation.fb.Login" name="facebookLoginPage" time="3.622"/>
  <system-out/>
</testsuite> <!-- automation.fb.Login -->
