<?xml version="1.0" encoding="UTF-8"?>
<!-- Generated by org.testng.reporters.JUnitReportReporter -->
<testsuite hostname="Adarsh" failures="0" tests="1" name="automation.fb.BrouserNavigation" time="15.342" errors="0" timestamp="2022-12-01T12:37:49 IST" skipped="0">
  <testcase classname="automation.fb.BrouserNavigation" name="mainBrouserNavigation" time="15.342"/>
  <system-out/>
</testsuite> <!-- automation.fb.BrouserNavigation -->
