<?xml version="1.0" encoding="UTF-8"?>
<!-- Generated by org.testng.reporters.JUnitReportReporter -->
<testsuite hostname="DESKTOP-692KJGU" failures="0" tests="1" name="automation.fb.FacebookSignupPage" time="11.137" errors="0" timestamp="2022-11-29T20:50:02 IST" skipped="0">
  <testcase classname="automation.fb.FacebookSignupPage" name="signupPage" time="11.137"/>
  <system-out/>
</testsuite> <!-- automation.fb.FacebookSignupPage -->
