<?xml version="1.0" encoding="UTF-8"?>
<!-- Generated by org.testng.reporters.JUnitReportReporter -->
<testsuite hostname="Adarsh" failures="0" tests="1" name="automation.selenium.action.Action" time="6.468" errors="0" timestamp="2022-12-05T17:36:29 IST" skipped="0">
  <testcase classname="automation.selenium.action.Action" name="ContextClickusingActionsClass" time="6.468"/>
  <system-out/>
</testsuite> <!-- automation.selenium.action.Action -->
