<?xml version="1.0" encoding="UTF-8"?>
<!-- Generated by org.testng.reporters.JUnitReportReporter -->
<testsuite hostname="Adarsh" failures="0" tests="3" name="automation.actions.WebTable" time="10.527" errors="0" timestamp="2022-12-10T12:34:02 IST" skipped="0">
  <testcase classname="automation.actions.WebTable" name="webTableOperations" time="4.159"/>
  <system-out/>
  <testcase classname="automation.actions.WebTable" name="autosuggestionEx_GoogleSearch" time="5.960"/>
  <system-out/>
  <testcase classname="automation.actions.WebTable" name="verifyStudentTotalMarks" time="0.408"/>
  <system-out/>
</testsuite> <!-- automation.actions.WebTable -->
